Mon Jun 26 2017 15:17:54 GMT-0700 (PDT): GET /about
Mon Jun 26 2017 15:18:04 GMT-0700 (PDT): GET /about
Mon Jun 26 2017 15:18:07 GMT-0700 (PDT): GET /
Mon Jun 26 2017 15:18:09 GMT-0700 (PDT): GET /about
Mon Jun 26 2017 15:18:10 GMT-0700 (PDT): GET /
Mon Jun 26 2017 15:18:11 GMT-0700 (PDT): GET /about
Mon Jun 26 2017 15:24:59 GMT-0700 (PDT): GET /about
Mon Jun 26 2017 15:25:10 GMT-0700 (PDT): GET /maintenance
Mon Jun 26 2017 15:25:19 GMT-0700 (PDT): GET /maintenance
Mon Jun 26 2017 15:27:59 GMT-0700 (PDT): GET /maintenance
Mon Jun 26 2017 15:28:05 GMT-0700 (PDT): GET /
Mon Jun 26 2017 16:41:23 GMT-0700 (PDT): GET /help.html
Mon Jun 26 2017 16:56:18 GMT-0700 (PDT): GET /help.html
Mon Jun 26 2017 16:56:21 GMT-0700 (PDT): GET /
Mon Jun 26 2017 16:56:22 GMT-0700 (PDT): GET /projects
Mon Jun 26 2017 16:56:24 GMT-0700 (PDT): GET /about
Mon Jun 26 2017 16:56:24 GMT-0700 (PDT): GET /
Mon Jun 26 2017 16:56:26 GMT-0700 (PDT): GET /about
Mon Jun 26 2017 16:56:27 GMT-0700 (PDT): GET /projects
Mon Jun 26 2017 16:56:28 GMT-0700 (PDT): GET /about
Mon Jun 26 2017 16:56:28 GMT-0700 (PDT): GET /
Mon Jun 26 2017 16:56:29 GMT-0700 (PDT): GET /about
Mon Jun 26 2017 16:56:30 GMT-0700 (PDT): GET /projects
Mon Jun 26 2017 16:56:30 GMT-0700 (PDT): GET /about
Mon Jun 26 2017 16:56:30 GMT-0700 (PDT): GET /
Mon Jun 26 2017 17:03:44 GMT-0700 (PDT): GET /
Mon Jun 26 2017 17:03:47 GMT-0700 (PDT): GET /
Mon Jun 26 2017 17:03:48 GMT-0700 (PDT): GET /about
Mon Jun 26 2017 17:03:49 GMT-0700 (PDT): GET /projects
Mon Jun 26 2017 17:03:49 GMT-0700 (PDT): GET /about
Mon Jun 26 2017 17:03:50 GMT-0700 (PDT): GET /
Mon Jun 26 2017 17:03:50 GMT-0700 (PDT): GET /about
Mon Jun 26 2017 17:03:51 GMT-0700 (PDT): GET /projects
Mon Jun 26 2017 17:03:51 GMT-0700 (PDT): GET /about
Mon Jun 26 2017 17:03:52 GMT-0700 (PDT): GET /
